08 Jun 2021 17.09.21       Record Added Successfully
08 Jun 2021 17.09.23        MTL 9, LVL 5, DDO 6.
09 Jun 2021 17.45.31       Record Added successfully
09 Jun 2021 17.46.50       Record Added Successfully
09 Jun 2021 18.05.28        MTL 10, LVL 5, DDO 6.
09 Jun 2021 18.06.03        MTL 10, LVL 5, DDO 6.
09 Jun 2021 18.08.35        MTL 8, LVL 5, DDO 6.
09 Jun 2021 18.45.01        MTL 8, LVL 5, DDO 6.
09 Jun 2021 18.46.00        MTL 8, LVL 5, DDO 6.
09 Jun 2021 18.46.15        MTL 8, LVL 5, DDO 6.
09 Jun 2021 18.47.53        MTL 8, LVL 5, DDO 6.
09 Jun 2021 18.55.47        MTL 8, LVL 5, DDO 6.
09 Jun 2021 18.58.03        MTL 8, LVL 5, DDO 6.
09 Jun 2021 18.59.09        MTL 8, LVL 5, DDO 6.
09 Jun 2021 19.02.29       New Teacher Record Created successfully with ID:TR10001
09 Jun 2021 19.04.30        MTL 1, LVL 1, DDO 1.
09 Jun 2021 19.10.56        MTL 0, LVL 0, DDO 0.
09 Jun 2021 19.11.53        MTL 0, LVL 1, DDO 0.
11 Jun 2021 14.27.34       New Teacher Record Created successfully with ID:TR10019
11 Jun 2021 14.29.07       New Student Record Created successfully with ID:SR10020
11 Jun 2021 14.31.13       New Student Record Created successfully with ID:SR10021
11 Jun 2021 14.39.00        MTL 11, LVL 5, DDO 6.
