Jun 02, 2021 12:26:22 AM server.CenterServer createTRecord
INFO: Record Added with Last Name:Brown successfully
Jun 02, 2021 12:26:22 AM server.CenterServer createTRecord
INFO: Record Added with Last Name:Red successfully
Jun 02, 2021 12:26:22 AM server.CenterServer createTRecord
INFO: Record Added with Last Name:Forman successfully
Jun 02, 2021 12:26:22 AM server.CenterServer createTRecord
INFO: Record Added with Last Name:Hyde successfully
Jun 02, 2021 12:26:22 AM server.CenterServer createSRecord
INFO: Record Added with Last Name:Patel successfully
Jun 02, 2021 12:26:22 AM server.CenterServer createSRecord
INFO: Record Added with Last Name:Patel successfully
Jun 02, 2021 12:26:22 AM server.CenterServer createSRecord
INFO: Record Added with Last Name:Shah successfully
Jun 02, 2021 12:26:22 AM server.CenterServer createSRecord
INFO: Record Added with Last Name:Narula successfully
Jun 02, 2021 12:26:22 AM server.CenterServer createTRecord
INFO: Record Added with Last Name:Green successfully
Jun 02, 2021 12:26:22 AM server.CenterServer createTRecord
INFO: Record Added with Last Name:Forman successfully
Jun 02, 2021 12:26:22 AM server.CenterServer createSRecord
INFO: Record Added with Last Name:Hansoti successfully
Jun 02, 2021 12:26:22 AM server.CenterServer createSRecord
INFO: Record Added with Last Name:Rohit successfully
Jun 02, 2021 12:26:22 AM server.CenterServer createSRecord
INFO: Record Added with Last Name:Dave successfully
Jun 02, 2021 12:26:22 AM server.CenterServer createTRecord
INFO: Record Added with Last Name:Copper successfully
Jun 02, 2021 12:26:22 AM server.CenterServer createTRecord
INFO: Record Added with Last Name:Khotrapali successfully
Jun 02, 2021 12:26:22 AM server.CenterServer createTRecord
INFO: Record Added with Last Name:Wolowtiz successfully
Jun 02, 2021 12:26:22 AM server.CenterServer createSRecord
INFO: Record Added with Last Name:Banker successfully
Jun 02, 2021 12:26:22 AM server.CenterServer createSRecord
INFO: Record Added with Last Name:Patel successfully
Jun 02, 2021 12:26:22 AM server.CenterServer createSRecord
INFO: Record Added with Last Name:Navsariwala successfully
