11 Jun 2021 14.18.10       MTL Server Started
11 Jun 2021 14.18.10       LVL Server Started
11 Jun 2021 14.18.10       DDO Server Started
11 Jun 2021 14.18.10       MTL Registry created at: 3000
11 Jun 2021 14.18.10       LVL Registry created at: 3001
11 Jun 2021 14.18.10       DDO Registry created at: 3002
11 Jun 2021 14.18.10       serverMTL binded with MTL for lookup
11 Jun 2021 14.18.10       serverLVL binded with LVL for lookup
11 Jun 2021 14.18.10       serverDDO binded with DDO for lookup
11 Jun 2021 14.18.10       Servers populated with MTL: 8LVL: 5DDO: 5Records respectively
11 Jun 2021 14.18.29       MTL Server Started
11 Jun 2021 14.18.29       LVL Server Started
11 Jun 2021 14.18.29       DDO Server Started
11 Jun 2021 14.18.29       MTL Registry created at: 3000
11 Jun 2021 14.18.29       LVL Registry created at: 3001
11 Jun 2021 14.18.29       DDO Registry created at: 3002
11 Jun 2021 14.18.29       serverMTL binded with MTL for lookup
11 Jun 2021 14.18.29       serverLVL binded with LVL for lookup
11 Jun 2021 14.18.29       serverDDO binded with DDO for lookup
11 Jun 2021 14.18.29       Servers populated with MTL: 8 LVL: 5 DDO: 5Records respectively
11 Jun 2021 14.18.42       MTL Server Started
11 Jun 2021 14.18.42       LVL Server Started
11 Jun 2021 14.18.42       DDO Server Started
11 Jun 2021 14.18.42       MTL Registry created at: 3000
11 Jun 2021 14.18.42       LVL Registry created at: 3001
11 Jun 2021 14.18.42       DDO Registry created at: 3002
11 Jun 2021 14.18.42       serverMTL binded with MTL for lookup
11 Jun 2021 14.18.42       serverLVL binded with LVL for lookup
11 Jun 2021 14.18.42       serverDDO binded with DDO for lookup
11 Jun 2021 14.18.42       Servers populated with MTL: 8 LVL: 5 DDO: 5 Records respectively
11 Jun 2021 14.26.39       MTL Server Started
11 Jun 2021 14.26.39       LVL Server Started
11 Jun 2021 14.26.39       DDO Server Started
11 Jun 2021 14.26.39       MTL Registry created at: 3000
11 Jun 2021 14.26.39       LVL Registry created at: 3001
11 Jun 2021 14.26.39       DDO Registry created at: 3002
11 Jun 2021 14.26.39       serverMTL binded with MTL for lookup
11 Jun 2021 14.26.39       serverLVL binded with LVL for lookup
11 Jun 2021 14.26.39       serverDDO binded with DDO for lookup
11 Jun 2021 14.26.39       Servers populated with MTL: 8 LVL: 5 DDO: 5 Records respectively
11 Jun 2021 14.50.03       MTL Server Started
11 Jun 2021 14.50.03       LVL Server Started
11 Jun 2021 14.50.03       DDO Server Started
11 Jun 2021 14.50.03       MTL Registry created at: 3000
11 Jun 2021 14.50.03       LVL Registry created at: 3001
11 Jun 2021 14.50.03       DDO Registry created at: 3002
11 Jun 2021 14.50.03       serverMTL binded with MTL for lookup
11 Jun 2021 14.50.03       serverLVL binded with LVL for lookup
11 Jun 2021 14.50.03       serverDDO binded with DDO for lookup
11 Jun 2021 14.50.03       Servers populated with MTL: 8 LVL: 5 DDO: 5 Records respectively
11 Jun 2021 14.52.20       MTL Server Started
11 Jun 2021 14.52.20       LVL Server Started
11 Jun 2021 14.52.20       DDO Server Started
11 Jun 2021 14.52.20       MTL Registry created at: 3000
11 Jun 2021 14.52.20       LVL Registry created at: 3001
11 Jun 2021 14.52.20       DDO Registry created at: 3002
11 Jun 2021 14.52.20       serverMTL binded with MTL for lookup
11 Jun 2021 14.52.20       serverLVL binded with LVL for lookup
11 Jun 2021 14.52.20       serverDDO binded with DDO for lookup
11 Jun 2021 14.52.20       Servers populated with MTL: 8 LVL: 5 DDO: 5 Records respectively
11 Jun 2021 14.53.55       MTL Server Started
11 Jun 2021 14.53.55       LVL Server Started
11 Jun 2021 14.53.55       DDO Server Started
11 Jun 2021 14.53.55       MTL Registry created at: 3000
11 Jun 2021 14.53.55       LVL Registry created at: 3001
11 Jun 2021 14.53.55       DDO Registry created at: 3002
11 Jun 2021 14.53.55       serverMTL binded with MTL for lookup
11 Jun 2021 14.53.55       serverLVL binded with LVL for lookup
11 Jun 2021 14.53.55       serverDDO binded with DDO for lookup
11 Jun 2021 14.53.55       Servers populated with MTL: 8 LVL: 5 DDO: 5 Records respectively
11 Jun 2021 14.54.59       MTL Server Started
11 Jun 2021 14.54.59       LVL Server Started
11 Jun 2021 14.54.59       DDO Server Started
11 Jun 2021 14.54.59       MTL Registry created at: 3000
11 Jun 2021 14.54.59       LVL Registry created at: 3001
11 Jun 2021 14.54.59       DDO Registry created at: 3002
11 Jun 2021 14.54.59       serverMTL binded with MTL for lookup
11 Jun 2021 14.54.59       serverLVL binded with LVL for lookup
11 Jun 2021 14.54.59       serverDDO binded with DDO for lookup
11 Jun 2021 14.54.59       Servers populated with MTL: 8 LVL: 5 DDO: 5 Records respectively
11 Jun 2021 21.47.06       MTL Server Started
11 Jun 2021 21.47.06       LVL Server Started
11 Jun 2021 21.47.06       DDO Server Started
11 Jun 2021 21.47.06       MTL Registry created at: 3000
11 Jun 2021 21.47.06       LVL Registry created at: 3001
11 Jun 2021 21.47.06       DDO Registry created at: 3002
11 Jun 2021 21.47.06       serverMTL binded with MTL for lookup
11 Jun 2021 21.47.06       serverLVL binded with LVL for lookup
11 Jun 2021 21.47.06       serverDDO binded with DDO for lookup
11 Jun 2021 21.47.06       Servers populated with MTL: 8 LVL: 5 DDO: 5 Records respectively
