08 Jun 2021 17.08.20       Record Added with Last Name: Green successfully
08 Jun 2021 17.08.20       Record Added with Last Name: Forman successfully
08 Jun 2021 17.08.20       Record Added with Last Name: Hansoti successfully
08 Jun 2021 17.08.20       Record Added with Last Name: Rohit successfully
08 Jun 2021 17.08.20       Record Added with Last Name: Dave successfully
08 Jun 2021 23.50.33       Record Added with Last Name: Green successfully
08 Jun 2021 23.50.33       Record Added with Last Name: Forman successfully
08 Jun 2021 23.50.33       Record Added with Last Name: Hansoti successfully
08 Jun 2021 23.50.33       Record Added with Last Name: Rohit successfully
08 Jun 2021 23.50.33       Record Added with Last Name: Dave successfully
09 Jun 2021 17.44.25       Record Added with Last Name: Green successfully
09 Jun 2021 17.44.25       Record Added with Last Name: Forman successfully
09 Jun 2021 17.44.25       Record Added with Last Name: Hansoti successfully
09 Jun 2021 17.44.25       Record Added with Last Name: Rohit successfully
09 Jun 2021 17.44.25       Record Added with Last Name: Dave successfully
09 Jun 2021 18.06.07       Record Added with Last Name: wodwo successfully
11 Jun 2021 01.17.54       Record Added with Last Name: Green successfully
11 Jun 2021 01.17.54       Record Added with Last Name: Forman successfully
11 Jun 2021 01.17.54       Record Added with Last Name: Hansoti successfully
11 Jun 2021 01.17.54       Record Added with Last Name: Rohit successfully
11 Jun 2021 01.17.54       Record Added with Last Name: Dave successfully
